Downloading...
From (original): https://drive.google.com/uc?id=1QAgFPRx0LAPgZhufuh1OTJOKOTfXWc1Y
From (redirected): https://drive.google.com/uc?id=1QAgFPRx0LAPgZhufuh1OTJOKOTfXWc1Y&confirm=t&uuid=209b92fb-6841-40ae-8f34-87912bfdad74
To: /home/runner/work/download/download/baseline_delivery.zip
  0%|          | 0.00/40.6M [00:00<?, ?B/s] 34%|███▎      | 13.6M/40.6M [00:00<00:00, 135MB/s] 83%|████████▎ | 33.6M/40.6M [00:00<00:00, 171MB/s]100%|██████████| 40.6M/40.6M [00:00<00:00, 170MB/s]
[1/9] Apply PageSpec 0.4.0 source patch
PageSpec 0.4.0 patch applied
PageSpec 0.4.0 contract synchronization applied
[2/9] Compile and run all source tests
......................................FF...................................................................................................................
======================================================================
FAIL: test_business_report_can_embed_all_172_libraries (test_pagespec_040_showcase.ShowcaseTests.test_business_report_can_embed_all_172_libraries)
----------------------------------------------------------------------
Traceback (most recent call last):
  File "/home/runner/work/download/download/work/PageSpec_0.3.4_source/tests/test_pagespec_040_showcase.py", line 72, in test_business_report_can_embed_all_172_libraries
    self.fail(f"catalog_showcase absent; audit={errors[-8:]!r}; error_cards={cards[-4:]!r}")
AssertionError: catalog_showcase absent; audit=[{'id': 1, 'level': 'SKIP', 'where': 'type=catalog_showcase', 'message': '渲染失败：catalog child audit failed: 出现事件属性 one；img.src 不是内联资源', 'suggestion': ''}]; error_cards=['原因：catalog child audit failed: 出现事件属性 one；img.src 不是内联资源']

======================================================================
FAIL: test_wide_table_is_local_scroll_not_root_clipping (test_pagespec_040_showcase.ShowcaseTests.test_wide_table_is_local_scroll_not_root_clipping)
----------------------------------------------------------------------
Traceback (most recent call last):
  File "/home/runner/work/download/download/work/PageSpec_0.3.4_source/tests/test_pagespec_040_showcase.py", line 99, in test_wide_table_is_local_scroll_not_root_clipping
    self.assertEqual(6, len(re.findall(r"<td\b", html)))
AssertionError: 6 != 9

----------------------------------------------------------------------
Ran 155 tests in 15.618s

FAILED (failures=2)
