[1/11] Download verified PageSpec 0.4.0 source and workflows
[2/11] Apply focused 0.4.1 fixes
PageSpec 0.4.1 patch applied
catalog executable-script nonce audit v4 applied
catalog bridge now targets the final closing body tag
catalog offline gate now accepts file and isolated blob protocols
[3/11] Run complete source and regression test suite
......................................F..E......................................................................................................................
======================================================================
ERROR: test_catalog_offline_gate_accepts_only_file_or_blob (test_pagespec_041_regressions.PageSpec041RegressionTests.test_catalog_offline_gate_accepts_only_file_or_blob)
----------------------------------------------------------------------
Traceback (most recent call last):
  File "/home/runner/work/download/download/work041/PageSpec_0.3.4_source/tests/test_pagespec_041_regressions.py", line 64, in test_catalog_offline_gate_accepts_only_file_or_blob
    payload=tool._build_catalog_volume(volume,'test-catalog-nonce')
            ^^^^^^^^^^^^^^^^^^^^^^^^^^^^^^^^^^^^^^^^^^^^^^^^^^^^^^^
  File "/home/runner/work/download/download/work041/PageSpec_0.3.4_source/tools/render_page.py", line 397, in _build_catalog_volume
    raise ValueError(
ValueError: catalog volume 3 offline gate identity mismatch: 0

======================================================================
FAIL: test_business_report_can_embed_all_172_libraries (test_pagespec_040_showcase.ShowcaseTests.test_business_report_can_embed_all_172_libraries)
----------------------------------------------------------------------
Traceback (most recent call last):
  File "/home/runner/work/download/download/work041/PageSpec_0.3.4_source/tests/test_pagespec_040_showcase.py", line 72, in test_business_report_can_embed_all_172_libraries
    self.fail(f"catalog_showcase absent; audit={errors[-8:]!r}; error_cards={cards[-4:]!r}")
AssertionError: catalog_showcase absent; audit=[{'id': 1, 'level': 'SKIP', 'where': 'type=catalog_showcase', 'message': '渲染失败：catalog volume 3 offline gate identity mismatch: 0', 'suggestion': ''}]; error_cards=['原因：catalog volume 3 offline gate identity mismatch: 0']

----------------------------------------------------------------------
Ran 160 tests in 26.591s

FAILED (failures=1, errors=1)
